<?xml version="1.0" encoding="UTF-8"?>
<!-- Generated by org.testng.reporters.JUnitReportReporter -->
<testsuite hostname="DESKTOP-KD8HJQ6" failures="0" tests="4" name="com.testngdemos.Testngdem" time="10.999" errors="0" timestamp="2022-01-01T23:01:42 IST" skipped="0">
  <testcase classname="com.testngdemos.Testngdem" name="Testngdemoex3" time="3.173"/>
  <system-out/>
  <testcase classname="com.testngdemos.Testngdem" name="Testngdemoex" time="5.201"/>
  <system-out/>
  <testcase classname="com.testngdemos.Testngdem" name="MybeforeMethod" time="2.398"/>
  <system-out/>
  <testcase classname="com.testngdemos.Testngdem" name="Testngdemoex2" time="0.227"/>
  <system-out/>
</testsuite> <!-- com.testngdemos.Testngdem -->
